<?xml version="1.0" encoding="UTF-8"?>
<testng-results skipped="0" failed="0" ignored="0" total="1" passed="1">
  <reporter-output>
  </reporter-output>
  <suite name="Page Object Model" duration-ms="17671" started-at="2019-01-07T01:46:40Z" finished-at="2019-01-07T01:46:58Z">
    <groups>
    </groups>
    <test name="Login Test" duration-ms="17671" started-at="2019-01-07T01:46:40Z" finished-at="2019-01-07T01:46:58Z">
      <class name="com.rgk.testcases.LoginTest">
        <test-method status="PASS" signature="loginTest()[pri:0, instance:com.rgk.testcases.LoginTest@1d470d0]" name="loginTest" duration-ms="15497" started-at="2019-01-07T01:46:40Z" finished-at="2019-01-07T01:46:56Z">
          <reporter-output>
          </reporter-output>
        </test-method> <!-- loginTest -->
        <test-method status="PASS" signature="tearDown()[pri:0, instance:com.rgk.testcases.LoginTest@1d470d0]" name="tearDown" is-config="true" duration-ms="781" started-at="2019-01-07T01:46:58Z" finished-at="2019-01-07T01:46:59Z">
          <reporter-output>
          </reporter-output>
        </test-method> <!-- tearDown -->
      </class> <!-- com.rgk.testcases.LoginTest -->
    </test> <!-- Login Test -->
  </suite> <!-- Page Object Model -->
</testng-results>
